fusermount3 -u build/aarch64/raspi5/filesystem/ || true
fusermount3: entry for /home/jrad/RustroverProjects/redoxos/redox/build/aarch64/raspi5/filesystem not found in /etc/mtab
fusermount3 -u /tmp/redox_installer/ || true
fusermount3: entry for /tmp/redox_installer not found in /etc/mtab
rm -f build/aarch64/raspi5/harddrive.img build/aarch64/raspi5/redox-live.iso
make all
make[1]: Entering directory '/home/jrad/RustroverProjects/redoxos/redox'
mkdir -p build/aarch64/raspi5
rm -rf build/aarch64/raspi5/harddrive.img  build/aarch64/raspi5/harddrive.img.partial
fusermount3 -u /tmp/redox_installer || true
fusermount3: entry for /tmp/redox_installer not found in /etc/mtab
FILESYSTEM_SIZE= && \
if [ -z "$FILESYSTEM_SIZE" ] ; then \
FILESYSTEM_SIZE=1024; \
fi && \
truncate -s "$FILESYSTEM_SIZE"m build/aarch64/raspi5/harddrive.img.partial
umask 002 && build/fstools/bin/redox_installer --cookbook=. -c config/aarch64/raspi5.toml build/aarch64/raspi5/harddrive.img.partial
Install Config {
    include: [],
    general: GeneralConfig {
        prompt: Some(
            false,
        ),
        repo_binary: None,
        filesystem_size: Some(
            1024,
        ),
        efi_partition_size: None,
        skip_partitions: None,
    },
    packages: {
        "bootloader": Spec {
            version: None,
            git: None,
            path: None,
        },
        "drivers": Spec {
            version: None,
            git: None,
            path: None,
        },
        "kernel": Spec {
            version: None,
            git: None,
            path: None,
        },
        "redoxfs": Spec {
            version: None,
            git: None,
            path: None,
        },
    },
    files: [
        FileConfig {
            path: "/etc/hostname",
            data: "redox-rpi5",
            symlink: false,
            directory: false,
            mode: None,
            uid: None,
            gid: None,
            recursive_chown: false,
            postinstall: false,
        },
        FileConfig {
            path: "/dev/tty",
            data: "uart:",
            symlink: false,
            directory: false,
            mode: None,
            uid: None,
            gid: None,
            recursive_chown: false,
            postinstall: false,
        },
        FileConfig {
            path: "filesystem.toml",
            data: "include = []\n\n[general]\nprompt = false\nfilesystem_size = 1024\n\n[packages.bootloader]\n\n[packages.drivers]\n\n[packages.kernel]\n\n[packages.redoxfs]\n\n[[files]]\npath = \"/etc/hostname\"\ndata = \"redox-rpi5\"\nsymlink = false\ndirectory = false\nrecursive_chown = false\npostinstall = false\n\n[[files]]\npath = \"/dev/tty\"\ndata = \"uart:\"\nsymlink = false\ndirectory = false\nrecursive_chown = false\npostinstall = false\n\n[users]\n\n[groups]\n",
            symlink: false,
            directory: false,
            mode: None,
            uid: None,
            gid: None,
            recursive_chown: false,
            postinstall: false,
        },
        FileConfig {
            path: "pkg/id_ed25519.pub.toml",
            data: "pkey = \"8c060347d47f30be0b9194c9f65508bd01d73287b528623da8d03ca20b1beb3c\"\n",
            symlink: false,
            directory: false,
            mode: None,
            uid: None,
            gid: None,
            recursive_chown: false,
            postinstall: false,
        },
    ],
    users: {},
    groups: {},
} to build/aarch64/raspi5/harddrive.img.partial
Create file parent /tmp/redox_installer_bootloader_637889/etc/pkg.d
Create file /tmp/redox_installer_bootloader_637889/etc/pkg.d/50_redox
Installing package from local repo: bootloader
Opening disk build/aarch64/raspi5/harddrive.img.partial
Write bootloader with size 0x0
Writing protective MBR with disk blocks 0x1fffff
Writing GPT tables: {
    1: Partition {
        part_type_guid: Type {
            guid: "21686148-6449-6E6F-744E-656564454649",
            os: None,
        },
        part_guid: 5a23cf10-85d6-41e3-a87e-bff3340411ca,
        first_lba: 34,
        last_lba: 2047,
        flags: 0,
        name: "BIOS",
    },
    2: Partition {
        part_type_guid: Type {
            guid: "C12A7328-F81F-11D2-BA4B-00A0C93EC93B",
            os: None,
        },
        part_guid: dee195dd-6654-4757-b985-8a3d24686f44,
        first_lba: 2048,
        last_lba: 4095,
        flags: 0,
        name: "EFI",
    },
    3: Partition {
        part_type_guid: Type {
            guid: "0FC63DAF-8483-4772-8E79-3D69D8477DE4",
            os: Linux,
        },
        part_guid: 5c59d924-ebb8-4cf7-812f-1fa74bbd3064,
        first_lba: 4096,
        last_lba: 2095103,
        flags: 0,
        name: "REDOX",
    },
}
Formatting EFI partition with size 0x100000
Opening EFI partition
Creating EFI directory
Creating EFI/BOOT directory
Writing EFI/BOOT/BOOTAA64.EFI file with size 0x28a00
Installing to RedoxFS partition with size 0x3fcffe00
Create file parent /tmp/redox_installer_637889/etc
Create file /tmp/redox_installer_637889/etc/hostname
Create file parent /tmp/redox_installer_637889/dev
Create file /tmp/redox_installer_637889/dev/tty
Create file parent /tmp/redox_installer_637889
Create file /tmp/redox_installer_637889/filesystem.toml
Create file parent /tmp/redox_installer_637889/pkg
Create file /tmp/redox_installer_637889/pkg/id_ed25519.pub.toml
Installing package from local repo: bootloader
Installing package from local repo: drivers
Installing package from local repo: kernel
Installing package from local repo: redoxfs
mv build/aarch64/raspi5/harddrive.img.partial build/aarch64/raspi5/harddrive.img
make[1]: Leaving directory '/home/jrad/RustroverProjects/redoxos/redox'
